<?xml version="1.0" encoding="UTF-8"?>
<!-- Generated by org.testng.reporters.JUnitXMLReporter -->
<testsuite hostname="PC-20180918EPWD" name="Default test" tests="5" failures="0" timestamp="28 Dec 2018 01:12:02 GMT" time="0.064" errors="0">
  <testcase name="newtest" time="0.012" classname="testng.GroupTest"/>
  <testcase name="runselenium" time="0.008" classname="testng.GroupTest"/>
  <testcase name="runselenium1" time="0.001" classname="testng.GroupTest"/>
  <testcase name="testconnectmysql" time="0.002" classname="testng.GroupTest"/>
  <testcase name="testconnectoracle" time="0.003" classname="testng.GroupTest"/>
</testsuite> <!-- Default test -->
