<?xml version="1.0" encoding="UTF-8"?>
<!-- Generated by org.testng.reporters.JUnitXMLReporter -->
<testsuite hostname="PC-20180918EPWD" name="selenium" tests="4" failures="0" timestamp="28 Dec 2018 01:38:07 GMT" time="0.006" errors="0">
  <testcase name="runselenium" time="0.0" classname="testng.GroupTest2"/>
  <testcase name="runselenium1" time="0.0" classname="testng.GroupTest2"/>
  <testcase name="runselenium" time="0.0" classname="testng.GroupTest"/>
  <testcase name="runselenium1" time="0.0" classname="testng.GroupTest"/>
</testsuite> <!-- selenium -->
