<?xml version="1.0" encoding="UTF-8"?>
<!-- Generated by org.testng.reporters.JUnitXMLReporter -->
<testsuite hostname="PC-20180918EPWD" name="Test" tests="7" failures="0" timestamp="28 Dec 2018 01:38:07 GMT" time="0.039" errors="0">
  <testcase name="newtest" time="0.011" classname="testng.GroupTest2"/>
  <testcase name="runselenium" time="0.001" classname="testng.GroupTest2"/>
  <testcase name="runselenium1" time="0.001" classname="testng.GroupTest2"/>
  <testcase name="testconnectmysql" time="0.0" classname="testng.GroupTest2"/>
  <testcase name="testconnectoracle" time="0.001" classname="testng.GroupTest2"/>
  <testcase name="runselenium" time="0.001" classname="testng.GroupTest"/>
  <testcase name="runselenium1" time="0.0" classname="testng.GroupTest"/>
</testsuite> <!-- Test -->
